2024-01-07 11:57:01,751 - DEBUG - Looking for locale `en_US` in provider `faker.providers.address`.
2024-01-07 11:57:01,754 - DEBUG - Provider `faker.providers.address` has been localized to `en_US`.
2024-01-07 11:57:01,767 - DEBUG - Looking for locale `en_US` in provider `faker.providers.automotive`.
2024-01-07 11:57:01,767 - DEBUG - Provider `faker.providers.automotive` has been localized to `en_US`.
2024-01-07 11:57:01,776 - DEBUG - Looking for locale `en_US` in provider `faker.providers.bank`.
2024-01-07 11:57:01,777 - DEBUG - Specified locale `en_US` is not available for provider `faker.providers.bank`. Locale reset to `en_GB` for this provider.
2024-01-07 11:57:01,784 - DEBUG - Looking for locale `en_US` in provider `faker.providers.barcode`.
2024-01-07 11:57:01,786 - DEBUG - Provider `faker.providers.barcode` has been localized to `en_US`.
2024-01-07 11:57:01,790 - DEBUG - Looking for locale `en_US` in provider `faker.providers.color`.
2024-01-07 11:57:01,790 - DEBUG - Provider `faker.providers.color` has been localized to `en_US`.
2024-01-07 11:57:01,796 - DEBUG - Looking for locale `en_US` in provider `faker.providers.company`.
2024-01-07 11:57:01,797 - DEBUG - Provider `faker.providers.company` has been localized to `en_US`.
2024-01-07 11:57:01,804 - DEBUG - Looking for locale `en_US` in provider `faker.providers.credit_card`.
2024-01-07 11:57:01,806 - DEBUG - Provider `faker.providers.credit_card` has been localized to `en_US`.
2024-01-07 11:57:01,809 - DEBUG - Looking for locale `en_US` in provider `faker.providers.currency`.
2024-01-07 11:57:01,810 - DEBUG - Provider `faker.providers.currency` has been localized to `en_US`.
2024-01-07 11:57:01,816 - DEBUG - Looking for locale `en_US` in provider `faker.providers.date_time`.
2024-01-07 11:57:01,817 - DEBUG - Provider `faker.providers.date_time` has been localized to `en_US`.
2024-01-07 11:57:01,827 - DEBUG - Provider `faker.providers.emoji` does not feature localization. Specified locale `en_US` is not utilized for this provider.
2024-01-07 11:57:01,828 - DEBUG - Provider `faker.providers.file` does not feature localization. Specified locale `en_US` is not utilized for this provider.
2024-01-07 11:57:01,829 - DEBUG - Looking for locale `en_US` in provider `faker.providers.geo`.
2024-01-07 11:57:01,831 - DEBUG - Provider `faker.providers.geo` has been localized to `en_US`.
2024-01-07 11:57:01,834 - DEBUG - Looking for locale `en_US` in provider `faker.providers.internet`.
2024-01-07 11:57:01,835 - DEBUG - Provider `faker.providers.internet` has been localized to `en_US`.
2024-01-07 11:57:01,846 - DEBUG - Provider `faker.providers.isbn` does not feature localization. Specified locale `en_US` is not utilized for this provider.
2024-01-07 11:57:01,846 - DEBUG - Looking for locale `en_US` in provider `faker.providers.job`.
2024-01-07 11:57:01,850 - DEBUG - Provider `faker.providers.job` has been localized to `en_US`.
2024-01-07 11:57:01,856 - DEBUG - Looking for locale `en_US` in provider `faker.providers.lorem`.
2024-01-07 11:57:01,856 - DEBUG - Provider `faker.providers.lorem` has been localized to `en_US`.
2024-01-07 11:57:01,865 - DEBUG - Looking for locale `en_US` in provider `faker.providers.misc`.
2024-01-07 11:57:01,870 - DEBUG - Provider `faker.providers.misc` has been localized to `en_US`.
2024-01-07 11:57:01,872 - DEBUG - Looking for locale `en_US` in provider `faker.providers.passport`.
2024-01-07 11:57:01,873 - DEBUG - Provider `faker.providers.passport` has been localized to `en_US`.
2024-01-07 11:57:01,877 - DEBUG - Looking for locale `en_US` in provider `faker.providers.person`.
2024-01-07 11:57:01,878 - DEBUG - Provider `faker.providers.person` has been localized to `en_US`.
2024-01-07 11:57:01,893 - DEBUG - Looking for locale `en_US` in provider `faker.providers.phone_number`.
2024-01-07 11:57:01,906 - DEBUG - Provider `faker.providers.phone_number` has been localized to `en_US`.
2024-01-07 11:57:01,909 - DEBUG - Provider `faker.providers.profile` does not feature localization. Specified locale `en_US` is not utilized for this provider.
2024-01-07 11:57:01,910 - DEBUG - Provider `faker.providers.python` does not feature localization. Specified locale `en_US` is not utilized for this provider.
2024-01-07 11:57:01,910 - DEBUG - Provider `faker.providers.sbn` does not feature localization. Specified locale `en_US` is not utilized for this provider.
2024-01-07 11:57:01,910 - DEBUG - Looking for locale `en_US` in provider `faker.providers.ssn`.
2024-01-07 11:57:01,913 - DEBUG - Provider `faker.providers.ssn` has been localized to `en_US`.
2024-01-07 11:57:01,925 - DEBUG - Provider `faker.providers.user_agent` does not feature localization. Specified locale `en_US` is not utilized for this provider.
2024-01-07 11:57:01,926 - INFO - ====== WebDriver manager ======
2024-01-07 11:57:06,853 - INFO - Get LATEST chromedriver version for google-chrome
2024-01-07 11:57:06,856 - DEBUG - Starting new HTTPS connection (1): chromedriver.storage.googleapis.com:443
2024-01-07 11:57:07,077 - DEBUG - https://chromedriver.storage.googleapis.com:443 "GET /LATEST_RELEASE_107.0.5304 HTTP/1.1" 200 13
2024-01-07 11:57:07,105 - INFO - Get LATEST chromedriver version for google-chrome
2024-01-07 11:57:07,105 - DEBUG - Starting new HTTPS connection (1): chromedriver.storage.googleapis.com:443
2024-01-07 11:57:07,225 - DEBUG - https://chromedriver.storage.googleapis.com:443 "GET /LATEST_RELEASE_107.0.5304 HTTP/1.1" 200 13
2024-01-07 11:57:07,245 - INFO - Driver [C:\Users\user\.wdm\drivers\chromedriver\win64\107.0.5304.62\chromedriver.exe] found in cache
2024-01-07 11:57:07,262 - DEBUG - Started executable: `C:\Users\user\.wdm\drivers\chromedriver\win64\107.0.5304.62\chromedriver.exe` in a child process with pid: 33276
2024-01-07 11:57:07,787 - DEBUG - POST http://localhost:55876/session {"capabilities": {"firstMatch": [{}], "alwaysMatch": {"browserName": "chrome", "pageLoadStrategy": "normal", "goog:chromeOptions": {"extensions": [], "args": ["start-maximized"]}}}}
2024-01-07 11:57:07,789 - DEBUG - Starting new HTTP connection (1): localhost:55876
2024-01-07 11:57:09,323 - DEBUG - http://localhost:55876 "POST /session HTTP/1.1" 200 0
2024-01-07 11:57:09,324 - DEBUG - Remote response: status=200 | data={"value":{"capabilities":{"acceptInsecureCerts":false,"browserName":"chrome","browserVersion":"107.0.5304.107","chrome":{"chromedriverVersion":"107.0.5304.62 (1eec40d3a5764881c92085aaee66d25075c159aa-refs/branch-heads/5304@{#942})","userDataDir":"C:\\Users\\user\\AppData\\Local\\Temp\\scoped_dir33276_78037138"},"goog:chromeOptions":{"debuggerAddress":"localhost:55879"},"networkConnectionEnabled":false,"pageLoadStrategy":"normal","platformName":"windows","proxy":{},"setWindowRect":true,"strictFileInteractability":false,"timeouts":{"implicit":0,"pageLoad":300000,"script":30000},"unhandledPromptBehavior":"dismiss and notify","webauthn:extension:credBlob":true,"webauthn:extension:largeBlob":true,"webauthn:virtualAuthenticators":true},"sessionId":"48ede0e65f4281049edda07cc5f30c26"}} | headers=HTTPHeaderDict({'Content-Length': '788', 'Content-Type': 'application/json; charset=utf-8', 'cache-control': 'no-cache'})
2024-01-07 11:57:09,326 - DEBUG - Finished Request
2024-01-07 11:57:09,329 - DEBUG - POST http://localhost:55876/session/48ede0e65f4281049edda07cc5f30c26/url {"url": "http://127.0.0.1:8000/"}
2024-01-07 11:57:09,871 - DEBUG - http://localhost:55876 "POST /session/48ede0e65f4281049edda07cc5f30c26/url HTTP/1.1" 200 0
2024-01-07 11:57:09,873 - DEBUG - Remote response: status=200 | data={"value":null} | headers=HTTPHeaderDict({'Content-Length': '14', 'Content-Type': 'application/json; charset=utf-8', 'cache-control': 'no-cache'})
2024-01-07 11:57:09,874 - DEBUG - Finished Request
2024-01-07 11:57:09,875 - INFO - Launching application
2024-01-07 11:57:09,878 - DEBUG - POST http://localhost:55876/session/48ede0e65f4281049edda07cc5f30c26/window/maximize {}
2024-01-07 11:57:09,893 - DEBUG - http://localhost:55876 "POST /session/48ede0e65f4281049edda07cc5f30c26/window/maximize HTTP/1.1" 200 0
2024-01-07 11:57:09,893 - DEBUG - Remote response: status=200 | data={"value":{"height":840,"width":1552,"x":-8,"y":-8}} | headers=HTTPHeaderDict({'Content-Length': '51', 'Content-Type': 'application/json; charset=utf-8', 'cache-control': 'no-cache'})
2024-01-07 11:57:09,893 - DEBUG - Finished Request
2024-01-07 11:57:09,893 - INFO - click on [Sign in]
2024-01-07 11:57:09,901 - DEBUG - POST http://localhost:55876/session/48ede0e65f4281049edda07cc5f30c26/element {"using": "xpath", "value": "//*[@id='sign_in_btn']"}
2024-01-07 11:57:09,965 - DEBUG - http://localhost:55876 "POST /session/48ede0e65f4281049edda07cc5f30c26/element HTTP/1.1" 200 0
2024-01-07 11:57:09,967 - DEBUG - Remote response: status=200 | data={"value":{"element-6066-11e4-a52e-4f735466cecf":"98cf8ed7-8789-4e54-a3b3-65cf2e28df90"}} | headers=HTTPHeaderDict({'Content-Length': '88', 'Content-Type': 'application/json; charset=utf-8', 'cache-control': 'no-cache'})
2024-01-07 11:57:09,968 - DEBUG - Finished Request
2024-01-07 11:57:09,969 - DEBUG - POST http://localhost:55876/session/48ede0e65f4281049edda07cc5f30c26/element/98cf8ed7-8789-4e54-a3b3-65cf2e28df90/click {"id": "98cf8ed7-8789-4e54-a3b3-65cf2e28df90"}
2024-01-07 11:57:10,284 - DEBUG - http://localhost:55876 "POST /session/48ede0e65f4281049edda07cc5f30c26/element/98cf8ed7-8789-4e54-a3b3-65cf2e28df90/click HTTP/1.1" 200 0
2024-01-07 11:57:10,284 - DEBUG - Remote response: status=200 | data={"value":null} | headers=HTTPHeaderDict({'Content-Length': '14', 'Content-Type': 'application/json; charset=utf-8', 'cache-control': 'no-cache'})
2024-01-07 11:57:10,284 - DEBUG - Finished Request
2024-01-07 11:57:10,284 - INFO - Providing customer details for login
2024-01-07 11:57:10,291 - DEBUG - POST http://localhost:55876/session/48ede0e65f4281049edda07cc5f30c26/element {"using": "xpath", "value": "//*[@id='id_username']"}
2024-01-07 11:57:10,318 - DEBUG - http://localhost:55876 "POST /session/48ede0e65f4281049edda07cc5f30c26/element HTTP/1.1" 200 0
2024-01-07 11:57:10,319 - DEBUG - Remote response: status=200 | data={"value":{"element-6066-11e4-a52e-4f735466cecf":"bd3bb88f-0e5c-4259-a6ba-288ca663c265"}} | headers=HTTPHeaderDict({'Content-Length': '88', 'Content-Type': 'application/json; charset=utf-8', 'cache-control': 'no-cache'})
2024-01-07 11:57:10,320 - DEBUG - Finished Request
2024-01-07 11:57:10,321 - DEBUG - POST http://localhost:55876/session/48ede0e65f4281049edda07cc5f30c26/element/bd3bb88f-0e5c-4259-a6ba-288ca663c265/value {"text": "nasko", "value": ["n", "a", "s", "k", "o"], "id": "bd3bb88f-0e5c-4259-a6ba-288ca663c265"}
2024-01-07 11:57:10,501 - DEBUG - http://localhost:55876 "POST /session/48ede0e65f4281049edda07cc5f30c26/element/bd3bb88f-0e5c-4259-a6ba-288ca663c265/value HTTP/1.1" 200 0
2024-01-07 11:57:10,503 - DEBUG - Remote response: status=200 | data={"value":null} | headers=HTTPHeaderDict({'Content-Length': '14', 'Content-Type': 'application/json; charset=utf-8', 'cache-control': 'no-cache'})
2024-01-07 11:57:10,505 - DEBUG - Finished Request
2024-01-07 11:57:10,506 - DEBUG - POST http://localhost:55876/session/48ede0e65f4281049edda07cc5f30c26/element {"using": "xpath", "value": "//*[@id='id_password']"}
2024-01-07 11:57:10,547 - DEBUG - http://localhost:55876 "POST /session/48ede0e65f4281049edda07cc5f30c26/element HTTP/1.1" 200 0
2024-01-07 11:57:10,549 - DEBUG - Remote response: status=200 | data={"value":{"element-6066-11e4-a52e-4f735466cecf":"70f43c9d-0a99-4542-bb56-36a563edf3d5"}} | headers=HTTPHeaderDict({'Content-Length': '88', 'Content-Type': 'application/json; charset=utf-8', 'cache-control': 'no-cache'})
2024-01-07 11:57:10,550 - DEBUG - Finished Request
2024-01-07 11:57:10,551 - DEBUG - POST http://localhost:55876/session/48ede0e65f4281049edda07cc5f30c26/element/70f43c9d-0a99-4542-bb56-36a563edf3d5/value {"text": "As8304034508@", "value": ["A", "s", "8", "3", "0", "4", "0", "3", "4", "5", "0", "8", "@"], "id": "70f43c9d-0a99-4542-bb56-36a563edf3d5"}
2024-01-07 11:57:10,682 - DEBUG - http://localhost:55876 "POST /session/48ede0e65f4281049edda07cc5f30c26/element/70f43c9d-0a99-4542-bb56-36a563edf3d5/value HTTP/1.1" 200 0
2024-01-07 11:57:10,684 - DEBUG - Remote response: status=200 | data={"value":null} | headers=HTTPHeaderDict({'Content-Length': '14', 'Content-Type': 'application/json; charset=utf-8', 'cache-control': 'no-cache'})
2024-01-07 11:57:10,686 - DEBUG - Finished Request
2024-01-07 11:57:10,687 - DEBUG - POST http://localhost:55876/session/48ede0e65f4281049edda07cc5f30c26/element {"using": "xpath", "value": "/html/body/main/div/div/div/div/div[2]/form/button"}
2024-01-07 11:57:10,713 - DEBUG - http://localhost:55876 "POST /session/48ede0e65f4281049edda07cc5f30c26/element HTTP/1.1" 200 0
2024-01-07 11:57:10,715 - DEBUG - Remote response: status=200 | data={"value":{"element-6066-11e4-a52e-4f735466cecf":"09932e0b-ebf8-4bdc-801d-2b16c378bf32"}} | headers=HTTPHeaderDict({'Content-Length': '88', 'Content-Type': 'application/json; charset=utf-8', 'cache-control': 'no-cache'})
2024-01-07 11:57:10,716 - DEBUG - Finished Request
2024-01-07 11:57:10,718 - DEBUG - POST http://localhost:55876/session/48ede0e65f4281049edda07cc5f30c26/element/09932e0b-ebf8-4bdc-801d-2b16c378bf32/click {"id": "09932e0b-ebf8-4bdc-801d-2b16c378bf32"}
2024-01-07 11:57:12,657 - DEBUG - http://localhost:55876 "POST /session/48ede0e65f4281049edda07cc5f30c26/element/09932e0b-ebf8-4bdc-801d-2b16c378bf32/click HTTP/1.1" 200 0
2024-01-07 11:57:12,659 - DEBUG - Remote response: status=200 | data={"value":null} | headers=HTTPHeaderDict({'Content-Length': '14', 'Content-Type': 'application/json; charset=utf-8', 'cache-control': 'no-cache'})
2024-01-07 11:57:12,660 - DEBUG - Finished Request
2024-01-07 11:57:12,661 - INFO - Loading home page
2024-01-07 11:57:12,663 - DEBUG - POST http://localhost:55876/session/48ede0e65f4281049edda07cc5f30c26/element {"using": "xpath", "value": "//*[@id='sidebarMenu']/div/div/a[8]"}
2024-01-07 11:57:12,688 - DEBUG - http://localhost:55876 "POST /session/48ede0e65f4281049edda07cc5f30c26/element HTTP/1.1" 200 0
2024-01-07 11:57:12,689 - DEBUG - Remote response: status=200 | data={"value":{"element-6066-11e4-a52e-4f735466cecf":"769651c6-22fd-4968-a9df-b2843f77d310"}} | headers=HTTPHeaderDict({'Content-Length': '88', 'Content-Type': 'application/json; charset=utf-8', 'cache-control': 'no-cache'})
2024-01-07 11:57:12,690 - DEBUG - Finished Request
2024-01-07 11:57:12,691 - DEBUG - POST http://localhost:55876/session/48ede0e65f4281049edda07cc5f30c26/execute/sync {"script": "arguments[0].click();", "args": [{"element-6066-11e4-a52e-4f735466cecf": "769651c6-22fd-4968-a9df-b2843f77d310"}]}
2024-01-07 11:57:13,087 - DEBUG - http://localhost:55876 "POST /session/48ede0e65f4281049edda07cc5f30c26/execute/sync HTTP/1.1" 200 0
2024-01-07 11:57:13,089 - DEBUG - Remote response: status=200 | data={"value":null} | headers=HTTPHeaderDict({'Content-Length': '14', 'Content-Type': 'application/json; charset=utf-8', 'cache-control': 'no-cache'})
2024-01-07 11:57:13,091 - DEBUG - Finished Request
2024-01-07 11:57:13,093 - DEBUG - POST http://localhost:55876/session/48ede0e65f4281049edda07cc5f30c26/element {"using": "xpath", "value": "/html/body/main/div/div/div/div/div[2]/div/table"}
2024-01-07 11:57:13,122 - DEBUG - http://localhost:55876 "POST /session/48ede0e65f4281049edda07cc5f30c26/element HTTP/1.1" 200 0
2024-01-07 11:57:13,124 - DEBUG - Remote response: status=200 | data={"value":{"element-6066-11e4-a52e-4f735466cecf":"b3883e2a-60d9-4b6d-94b3-409f9d056454"}} | headers=HTTPHeaderDict({'Content-Length': '88', 'Content-Type': 'application/json; charset=utf-8', 'cache-control': 'no-cache'})
2024-01-07 11:57:13,125 - DEBUG - Finished Request
2024-01-07 11:57:13,127 - DEBUG - POST http://localhost:55876/session/48ede0e65f4281049edda07cc5f30c26/element/b3883e2a-60d9-4b6d-94b3-409f9d056454/elements {"using": "xpath", "value": ".//tr", "id": "b3883e2a-60d9-4b6d-94b3-409f9d056454"}
2024-01-07 11:57:13,156 - DEBUG - http://localhost:55876 "POST /session/48ede0e65f4281049edda07cc5f30c26/element/b3883e2a-60d9-4b6d-94b3-409f9d056454/elements HTTP/1.1" 200 0
2024-01-07 11:57:13,157 - DEBUG - Remote response: status=200 | data={"value":[{"element-6066-11e4-a52e-4f735466cecf":"a4dcebf7-796e-4fc9-8781-70c496304775"},{"element-6066-11e4-a52e-4f735466cecf":"1bbeb506-aaee-466f-84ef-bac2155a7e9d"},{"element-6066-11e4-a52e-4f735466cecf":"06192bb5-6fdb-49ad-88e7-3db4e795cc12"},{"element-6066-11e4-a52e-4f735466cecf":"68c32cc9-986f-4c52-bc96-9e5204cc2ee3"},{"element-6066-11e4-a52e-4f735466cecf":"c49d2361-ea8d-4132-9f68-d4dada706e01"},{"element-6066-11e4-a52e-4f735466cecf":"ffca312b-7d6f-4feb-b9e2-3ef54caaa85e"},{"element-6066-11e4-a52e-4f735466cecf":"a7b45c98-8f8a-483b-a506-67da2148a701"},{"element-6066-11e4-a52e-4f735466cecf":"31bf7592-0b26-4411-a4e0-aac9ce1ed9ad"},{"element-6066-11e4-a52e-4f735466cecf":"450f99db-34ab-4ff0-a439-042ce5774ee2"},{"element-6066-11e4-a52e-4f735466cecf":"d32ad8ad-afe4-43ac-9fdc-82be41f5f2e4"},{"element-6066-11e4-a52e-4f735466cecf":"ea110562-bf28-459a-97b1-a3fda11ab9fc"},{"element-6066-11e4-a52e-4f735466cecf":"63eecb36-c919-4ef4-824f-6966711d2321"},{"element-6066-11e4-a52e-4f735466cecf":"5de719bc-b6b8-4664-b02e-6c3035d06692"},{"element-6066-11e4-a52e-4f735466cecf":"f288c4a5-369f-44b2-ba6b-d4dba9343a03"},{"element-6066-11e4-a52e-4f735466cecf":"541e4e84-c6f9-438b-95f0-2a64b2ef78c2"},{"element-6066-11e4-a52e-4f735466cecf":"89847dd4-4661-453b-86ef-c9f1dd28e468"},{"element-6066-11e4-a52e-4f735466cecf":"c1224154-e023-4a0f-bd3f-16c34182b683"},{"element-6066-11e4-a52e-4f735466cecf":"1b3175dc-f5e1-4c38-b91c-010e8150d237"},{"element-6066-11e4-a52e-4f735466cecf":"314a811a-7f50-4d05-8e0f-fbd67d6ff2bf"},{"element-6066-11e4-a52e-4f735466cecf":"38db52e0-99c0-493c-ac92-e0f4a53bafdb"},{"element-6066-11e4-a52e-4f735466cecf":"6a5bed57-0f18-4261-a9e4-d8cc04151c7d"},{"element-6066-11e4-a52e-4f735466cecf":"79755f5d-728c-461b-9e23-875176e9e535"},{"element-6066-11e4-a52e-4f735466cecf":"702c2044-ba55-4049-8668-e7a40fca150d"},{"element-6066-11e4-a52e-4f735466cecf":"1dd1bb33-c21e-460a-83f4-aaa9c156257b"},{"element-6066-11e4-a52e-4f735466cecf":"c42654a2-5807-453a-a909-1849c23a37ef"},{"element-6066-11e4-a52e-4f735466cecf":"3953224b-eae3-42a7-8819-14ea0e62d36b"},{"element-6066-11e4-a52e-4f735466cecf":"2b47a561-bd02-4813-bcbc-e96e0b61a282"},{"element-6066-11e4-a52e-4f735466cecf":"293c5db2-a2b9-4528-8a19-a6a7dd4c0a1a"},{"element-6066-11e4-a52e-4f735466cecf":"9f182a65-da0b-4f5d-ba0d-799703439543"},{"element-6066-11e4-a52e-4f735466cecf":"e8ee26d3-409f-4962-a89d-c34fa037265c"},{"element-6066-11e4-a52e-4f735466cecf":"46e80570-2fa9-4f75-acc1-7c87c3de0cb6"},{"element-6066-11e4-a52e-4f735466cecf":"149b04b9-aaab-4f84-9d64-18290240be93"},{"element-6066-11e4-a52e-4f735466cecf":"c31553ab-d124-4402-86e2-46bb4323438c"},{"element-6066-11e4-a52e-4f735466cecf":"344b299e-8e92-4e65-aa57-70fa3475e5c9"},{"element-6066-11e4-a52e-4f735466cecf":"4201caf7-b945-4063-9c5d-e3943c36ab31"},{"element-6066-11e4-a52e-4f735466cecf":"1cdb0046-1109-4c53-b0a3-75d37509bf4f"},{"element-6066-11e4-a52e-4f735466cecf":"6baaabf9-a51c-46f3-a4cb-b9939a6e259c"},{"element-6066-11e4-a52e-4f735466cecf":"e03d373a-60b2-4ffb-9eb7-5bba4f69dba6"},{"element-6066-11e4-a52e-4f735466cecf":"2afa98df-56ac-462d-b824-00564704bb3a"},{"element-6066-11e4-a52e-4f735466cecf":"666509b2-ac59-45b0-ba7f-84f2a9bfe0ab"},{"element-6066-11e4-a52e-4f735466cecf":"c8856b49-2bf8-462c-889f-f3ec0f8faf24"},{"element-6066-11e4-a52e-4f735466cecf":"08d2fd8e-a38f-4859-ba60-2cd769553cc1"},{"element-6066-11e4-a52e-4f735466cecf":"1c02e803-a56c-49dd-a656-0e46a66c7a2d"},{"element-6066-11e4-a52e-4f735466cecf":"e4a9dfa7-e7dd-4c07-9dcc-fc31da31cd10"},{"element-6066-11e4-a52e-4f735466cecf":"be29c913-e865-4e17-8be5-1df5b96db550"},{"element-6066-11e4-a52e-4f735466cecf":"c26e627f-d640-4529-a1b4-4e3bf258ecfa"},{"element-6066-11e4-a52e-4f735466cecf":"7d502a8f-cc09-4ba4-8f86-fddba8460b9a"},{"element-6066-11e4-a52e-4f735466cecf":"89ac9040-2d2d-4e49-9ffa-a68442406cbb"},{"element-6066-11e4-a52e-4f735466cecf":"62b71e7b-1210-4cc7-b671-be58cd8b29ce"},{"element-6066-11e4-a52e-4f735466cecf":"4fe74c75-2013-4cf0-a0d4-9670a1d43aed"},{"element-6066-11e4-a52e-4f735466cecf":"24d343b0-2941-4a10-81ed-1fac77b8e56e"},{"element-6066-11e4-a52e-4f735466cecf":"358159bb-3dde-48ce-be56-d6d48d71e963"},{"element-6066-11e4-a52e-4f735466cecf":"bd46301c-c75e-43f6-a5ac-fa04fbcf4c0c"},{"element-6066-11e4-a52e-4f735466cecf":"d75e1293-750d-43dc-86fb-9665c470f17a"},{"element-6066-11e4-a52e-4f735466cecf":"de8941fc-8c74-4c49-bdf5-0afea4b64ef0"},{"element-6066-11e4-a52e-4f735466cecf":"4de9ace1-3eb3-4afb-855d-bb2aaf433007"},{"element-6066-11e4-a52e-4f735466cecf":"9f0a9b4f-46b1-4291-9165-5c188f32b79e"},{"element-6066-11e4-a52e-4f735466cecf":"bb81e8e8-620d-42f8-809a-b4235a7560f5"},{"element-6066-11e4-a52e-4f735466cecf":"8d185ae6-839b-467b-9fd0-67833b5e6313"},{"element-6066-11e4-a52e-4f735466cecf":"86eccba0-8e9b-4fa6-aac9-23b2aa20aeb0"},{"element-6066-11e4-a52e-4f735466cecf":"7544041e-a097-4005-99b4-87e33ccd0ed5"},{"element-6066-11e4-a52e-4f735466cecf":"91be7e48-e775-41cc-95b6-36bfeb3303b6"},{"element-6066-11e4-a52e-4f735466cecf":"067a46d6-aca6-4df3-a561-f6e716121845"},{"element-6066-11e4-a52e-4f735466cecf":"7c587ce3-61d0-4a3f-bfdd-49cf4c39eb8a"},{"element-6066-11e4-a52e-4f735466cecf":"9d35508f-7b1a-4e2d-8ecc-025b8e9906eb"},{"element-6066-11e4-a52e-4f735466cecf":"0b4fdc3f-a2a0-4c3b-baad-912a569b7157"},{"element-6066-11e4-a52e-4f735466cecf":"95802da7-11e0-4392-b5ba-bf6e031c7a0e"},{"element-6066-11e4-a52e-4f735466cecf":"ad53ba1e-e0de-410c-a4fa-2f77f4164b77"},{"element-6066-11e4-a52e-4f735466cecf":"1b5444c7-13e1-42ec-b2bc-0bf0f88c9f6b"},{"element-6066-11e4-a52e-4f735466cecf":"ecfac63e-8acd-4d76-8419-43e9e122431e"},{"element-6066-11e4-a52e-4f735466cecf":"263b7d62-c450-452a-9fec-61584cfc1f1a"},{"element-6066-11e4-a52e-4f735466cecf":"d2ab5186-bba4-4918-b30d-dcd685265a9c"},{"element-6066-11e4-a52e-4f735466cecf":"a56d16b0-4657-42f4-b07e-9475ef9c608a"},{"element-6066-11e4-a52e-4f735466cecf":"cf132bf1-1c95-4fb0-8a09-a5f3ef45fc2e"},{"element-6066-11e4-a52e-4f735466cecf":"eddd3411-0bf9-4f5b-9b6c-2102c501c2e4"},{"element-6066-11e4-a52e-4f735466cecf":"216089b8-3d1b-47e9-b69b-5124261f46b5"},{"element-6066-11e4-a52e-4f735466cecf":"8e4e6073-1a09-4ce9-8a1d-f95e1ac42815"},{"element-6066-11e4-a52e-4f735466cecf":"5d22750e-aa5d-4461-b2fa-90d698f333ad"},{"element-6066-11e4-a52e-4f735466cecf":"6d350d10-04a6-487c-b30d-6c02268cfd95"},{"element-6066-11e4-a52e-4f735466cecf":"a0034e04-f1f0-44d8-ad31-63c929cd41a9"},{"element-6066-11e4-a52e-4f735466cecf":"4d0da191-bd7f-4c92-a03b-99a235d19980"},{"element-6066-11e4-a52e-4f735466cecf":"7f1ac63e-7fcf-46f1-a27f-40d04630b807"},{"element-6066-11e4-a52e-4f735466cecf":"f2b1b7db-05a7-449c-aa5f-6d6cb3cabb59"},{"element-6066-11e4-a52e-4f735466cecf":"ff5d763f-71bc-440c-ba72-201bdc4f23f1"},{"element-6066-11e4-a52e-4f735466cecf":"ad77678f-93e5-4264-9954-0e011ff9b5ea"},{"element-6066-11e4-a52e-4f735466cecf":"b6e3c409-059e-4865-955c-04c45f66fcb6"},{"element-6066-11e4-a52e-4f735466cecf":"1dcee411-d460-43d5-abf0-422791076b39"},{"element-6066-11e4-a52e-4f735466cecf":"5cd5705c-a182-45ed-9b10-176d697160ab"},{"element-6066-11e4-a52e-4f735466cecf":"2fe238e6-c5b4-495e-a673-0b93a8125683"},{"element-6066-11e4-a52e-4f735466cecf":"5ec3a7fb-6146-4f54-bc9d-2b5006557d4a"},{"element-6066-11e4-a52e-4f735466cecf":"b84661d6-596e-4291-9ca4-0a505ae35b48"},{"element-6066-11e4-a52e-4f735466cecf":"46cc0e3e-fb1b-486c-80d6-0c4c7ccd16e2"},{"element-6066-11e4-a52e-4f735466cecf":"6fa40edb-1038-42d7-baa5-88b7cb3a4c53"},{"element-6066-11e4-a52e-4f735466cecf":"95e91570-fa6b-40ca-8ffb-fc733cbb313e"},{"element-6066-11e4-a52e-4f735466cecf":"acbdd1dc-4bef-4a5d-94ad-99fc203ccc74"},{"element-6066-11e4-a52e-4f735466cecf":"994d33ad-60c0-411a-ac75-855d0e99b163"},{"element-6066-11e4-a52e-4f735466cecf":"1c96320b-596f-459a-b3d8-ede4f6582b91"},{"element-6066-11e4-a52e-4f735466cecf":"215ecda9-611e-4956-ad6f-a171e3a76bcd"},{"element-6066-11e4-a52e-4f735466cecf":"6ec25610-12e9-46f7-80c7-1e32cb78f763"},{"element-6066-11e4-a52e-4f735466cecf":"fdd5948b-315b-47d6-97af-13da0b0a0543"}]} | headers=HTTPHeaderDict({'Content-Length': '7911', 'Content-Type': 'application/json; charset=utf-8', 'cache-control': 'no-cache'})
2024-01-07 11:57:13,159 - DEBUG - Finished Request
2024-01-07 11:57:13,161 - DEBUG - POST http://localhost:55876/session/48ede0e65f4281049edda07cc5f30c26/element/1bbeb506-aaee-466f-84ef-bac2155a7e9d/element {"using": "xpath", "value": ".//td[3]", "id": "1bbeb506-aaee-466f-84ef-bac2155a7e9d"}
2024-01-07 11:57:13,178 - DEBUG - http://localhost:55876 "POST /session/48ede0e65f4281049edda07cc5f30c26/element/1bbeb506-aaee-466f-84ef-bac2155a7e9d/element HTTP/1.1" 200 0
2024-01-07 11:57:13,179 - DEBUG - Remote response: status=200 | data={"value":{"element-6066-11e4-a52e-4f735466cecf":"bcf642a9-7b3f-46fd-b127-d7d59926f3e7"}} | headers=HTTPHeaderDict({'Content-Length': '88', 'Content-Type': 'application/json; charset=utf-8', 'cache-control': 'no-cache'})
2024-01-07 11:57:13,179 - DEBUG - Finished Request
2024-01-07 11:57:13,180 - DEBUG - GET http://localhost:55876/session/48ede0e65f4281049edda07cc5f30c26/element/bcf642a9-7b3f-46fd-b127-d7d59926f3e7/text {"id": "bcf642a9-7b3f-46fd-b127-d7d59926f3e7"}
2024-01-07 11:57:13,205 - DEBUG - http://localhost:55876 "GET /session/48ede0e65f4281049edda07cc5f30c26/element/bcf642a9-7b3f-46fd-b127-d7d59926f3e7/text HTTP/1.1" 200 0
2024-01-07 11:57:13,206 - DEBUG - Remote response: status=200 | data={"value":"Measuring tool"} | headers=HTTPHeaderDict({'Content-Length': '26', 'Content-Type': 'application/json; charset=utf-8', 'cache-control': 'no-cache'})
2024-01-07 11:57:13,207 - DEBUG - Finished Request
2024-01-07 11:57:13,208 - DEBUG - POST http://localhost:55876/session/48ede0e65f4281049edda07cc5f30c26/element {"using": "xpath", "value": "/html/body/main/div/div/div/div/div[2]/div/table/tbody/tr[1]/td[6]/a"}
2024-01-07 11:57:13,225 - DEBUG - http://localhost:55876 "POST /session/48ede0e65f4281049edda07cc5f30c26/element HTTP/1.1" 200 0
2024-01-07 11:57:13,227 - DEBUG - Remote response: status=200 | data={"value":{"element-6066-11e4-a52e-4f735466cecf":"53ac21ae-b547-4ed2-ad07-db6020246ef3"}} | headers=HTTPHeaderDict({'Content-Length': '88', 'Content-Type': 'application/json; charset=utf-8', 'cache-control': 'no-cache'})
2024-01-07 11:57:13,228 - DEBUG - Finished Request
2024-01-07 11:57:13,229 - DEBUG - POST http://localhost:55876/session/48ede0e65f4281049edda07cc5f30c26/element/53ac21ae-b547-4ed2-ad07-db6020246ef3/click {"id": "53ac21ae-b547-4ed2-ad07-db6020246ef3"}
2024-01-07 11:57:13,713 - DEBUG - http://localhost:55876 "POST /session/48ede0e65f4281049edda07cc5f30c26/element/53ac21ae-b547-4ed2-ad07-db6020246ef3/click HTTP/1.1" 200 0
2024-01-07 11:57:13,715 - DEBUG - Remote response: status=200 | data={"value":null} | headers=HTTPHeaderDict({'Content-Length': '14', 'Content-Type': 'application/json; charset=utf-8', 'cache-control': 'no-cache'})
2024-01-07 11:57:13,716 - DEBUG - Finished Request
2024-01-07 11:57:13,717 - DEBUG - POST http://localhost:55876/session/48ede0e65f4281049edda07cc5f30c26/element {"using": "css selector", "value": "[id=\"id_type\"]"}
2024-01-07 11:57:13,744 - DEBUG - http://localhost:55876 "POST /session/48ede0e65f4281049edda07cc5f30c26/element HTTP/1.1" 200 0
2024-01-07 11:57:13,745 - DEBUG - Remote response: status=200 | data={"value":{"element-6066-11e4-a52e-4f735466cecf":"6fe26ce6-2b5d-4c2a-9c28-9fc55c467866"}} | headers=HTTPHeaderDict({'Content-Length': '88', 'Content-Type': 'application/json; charset=utf-8', 'cache-control': 'no-cache'})
2024-01-07 11:57:13,746 - DEBUG - Finished Request
2024-01-07 11:57:13,748 - DEBUG - GET http://localhost:55876/session/48ede0e65f4281049edda07cc5f30c26/element/6fe26ce6-2b5d-4c2a-9c28-9fc55c467866/name {"id": "6fe26ce6-2b5d-4c2a-9c28-9fc55c467866"}
2024-01-07 11:57:13,756 - DEBUG - http://localhost:55876 "GET /session/48ede0e65f4281049edda07cc5f30c26/element/6fe26ce6-2b5d-4c2a-9c28-9fc55c467866/name HTTP/1.1" 200 0
2024-01-07 11:57:13,757 - DEBUG - Remote response: status=200 | data={"value":"select"} | headers=HTTPHeaderDict({'Content-Length': '18', 'Content-Type': 'application/json; charset=utf-8', 'cache-control': 'no-cache'})
2024-01-07 11:57:13,758 - DEBUG - Finished Request
2024-01-07 11:57:13,759 - DEBUG - GET http://localhost:55876/session/48ede0e65f4281049edda07cc5f30c26/element/6fe26ce6-2b5d-4c2a-9c28-9fc55c467866/attribute/multiple {"name": "multiple", "id": "6fe26ce6-2b5d-4c2a-9c28-9fc55c467866"}
2024-01-07 11:57:13,767 - DEBUG - http://localhost:55876 "GET /session/48ede0e65f4281049edda07cc5f30c26/element/6fe26ce6-2b5d-4c2a-9c28-9fc55c467866/attribute/multiple HTTP/1.1" 200 0
2024-01-07 11:57:13,768 - DEBUG - Remote response: status=200 | data={"value":null} | headers=HTTPHeaderDict({'Content-Length': '14', 'Content-Type': 'application/json; charset=utf-8', 'cache-control': 'no-cache'})
2024-01-07 11:57:13,770 - DEBUG - Finished Request
2024-01-07 11:57:13,771 - DEBUG - POST http://localhost:55876/session/48ede0e65f4281049edda07cc5f30c26/element/6fe26ce6-2b5d-4c2a-9c28-9fc55c467866/elements {"using": "xpath", "value": ".//option[normalize-space(.) = \"Measuring tool\"]", "id": "6fe26ce6-2b5d-4c2a-9c28-9fc55c467866"}
2024-01-07 11:57:13,791 - DEBUG - http://localhost:55876 "POST /session/48ede0e65f4281049edda07cc5f30c26/element/6fe26ce6-2b5d-4c2a-9c28-9fc55c467866/elements HTTP/1.1" 200 0
2024-01-07 11:57:13,793 - DEBUG - Remote response: status=200 | data={"value":[{"element-6066-11e4-a52e-4f735466cecf":"a4fff103-e709-4f4e-a3fb-547e42bfcd84"}]} | headers=HTTPHeaderDict({'Content-Length': '90', 'Content-Type': 'application/json; charset=utf-8', 'cache-control': 'no-cache'})
2024-01-07 11:57:13,793 - DEBUG - Finished Request
2024-01-07 11:57:13,793 - DEBUG - GET http://localhost:55876/session/48ede0e65f4281049edda07cc5f30c26/element/a4fff103-e709-4f4e-a3fb-547e42bfcd84/selected {"id": "a4fff103-e709-4f4e-a3fb-547e42bfcd84"}
2024-01-07 11:57:13,814 - DEBUG - http://localhost:55876 "GET /session/48ede0e65f4281049edda07cc5f30c26/element/a4fff103-e709-4f4e-a3fb-547e42bfcd84/selected HTTP/1.1" 200 0
2024-01-07 11:57:13,817 - DEBUG - Remote response: status=200 | data={"value":true} | headers=HTTPHeaderDict({'Content-Length': '14', 'Content-Type': 'application/json; charset=utf-8', 'cache-control': 'no-cache'})
2024-01-07 11:57:13,817 - DEBUG - Finished Request
2024-01-07 11:57:13,819 - DEBUG - POST http://localhost:55876/session/48ede0e65f4281049edda07cc5f30c26/element {"using": "xpath", "value": "/html/body/main/div/div/div/div/div[2]/form/button"}
2024-01-07 11:57:13,831 - DEBUG - http://localhost:55876 "POST /session/48ede0e65f4281049edda07cc5f30c26/element HTTP/1.1" 200 0
2024-01-07 11:57:13,832 - DEBUG - Remote response: status=200 | data={"value":{"element-6066-11e4-a52e-4f735466cecf":"c34818b0-814e-45ca-8934-e32ce7a4590f"}} | headers=HTTPHeaderDict({'Content-Length': '88', 'Content-Type': 'application/json; charset=utf-8', 'cache-control': 'no-cache'})
2024-01-07 11:57:13,832 - DEBUG - Finished Request
2024-01-07 11:57:13,833 - DEBUG - POST http://localhost:55876/session/48ede0e65f4281049edda07cc5f30c26/execute/sync {"script": "arguments[0].click();", "args": [{"element-6066-11e4-a52e-4f735466cecf": "c34818b0-814e-45ca-8934-e32ce7a4590f"}]}
2024-01-07 11:57:14,339 - DEBUG - http://localhost:55876 "POST /session/48ede0e65f4281049edda07cc5f30c26/execute/sync HTTP/1.1" 200 0
2024-01-07 11:57:14,341 - DEBUG - Remote response: status=200 | data={"value":null} | headers=HTTPHeaderDict({'Content-Length': '14', 'Content-Type': 'application/json; charset=utf-8', 'cache-control': 'no-cache'})
2024-01-07 11:57:14,343 - DEBUG - Finished Request
2024-01-07 11:57:14,345 - DEBUG - POST http://localhost:55876/session/48ede0e65f4281049edda07cc5f30c26/element {"using": "xpath", "value": "/html/body/main/div/div/div/div/div[2]/div/table"}
2024-01-07 11:57:14,368 - DEBUG - http://localhost:55876 "POST /session/48ede0e65f4281049edda07cc5f30c26/element HTTP/1.1" 200 0
2024-01-07 11:57:14,372 - DEBUG - Remote response: status=200 | data={"value":{"element-6066-11e4-a52e-4f735466cecf":"bc0b2ca6-6af9-48a8-bd9b-f1eacae1eae8"}} | headers=HTTPHeaderDict({'Content-Length': '88', 'Content-Type': 'application/json; charset=utf-8', 'cache-control': 'no-cache'})
2024-01-07 11:57:14,372 - DEBUG - Finished Request
2024-01-07 11:57:14,372 - DEBUG - POST http://localhost:55876/session/48ede0e65f4281049edda07cc5f30c26/element/bc0b2ca6-6af9-48a8-bd9b-f1eacae1eae8/elements {"using": "xpath", "value": ".//tr", "id": "bc0b2ca6-6af9-48a8-bd9b-f1eacae1eae8"}
2024-01-07 11:57:14,399 - DEBUG - http://localhost:55876 "POST /session/48ede0e65f4281049edda07cc5f30c26/element/bc0b2ca6-6af9-48a8-bd9b-f1eacae1eae8/elements HTTP/1.1" 200 0
2024-01-07 11:57:14,400 - DEBUG - Remote response: status=200 | data={"value":[{"element-6066-11e4-a52e-4f735466cecf":"224fe832-9c3e-4490-8ac6-135b5542e3c8"},{"element-6066-11e4-a52e-4f735466cecf":"5e4cdb79-1f40-4f10-a659-de81a3df67fc"},{"element-6066-11e4-a52e-4f735466cecf":"f4a17e6a-c9d9-498c-8c7d-06a82b1d5642"},{"element-6066-11e4-a52e-4f735466cecf":"60596a2f-6bed-4201-8b27-8712bec2f40d"},{"element-6066-11e4-a52e-4f735466cecf":"d4bdddf9-8188-44d4-8971-67adaa0a2194"},{"element-6066-11e4-a52e-4f735466cecf":"d665e61a-cb86-43be-b8bd-c691718590c9"},{"element-6066-11e4-a52e-4f735466cecf":"d224f6e7-4b4d-4261-8eca-461499d8abbb"},{"element-6066-11e4-a52e-4f735466cecf":"348dddb7-f3a2-4dd8-8810-35cd429cc597"},{"element-6066-11e4-a52e-4f735466cecf":"a2993cf4-098a-4335-bf30-fdb1147eccc3"},{"element-6066-11e4-a52e-4f735466cecf":"1e767d97-7b16-41c3-83fd-176fc118c31f"},{"element-6066-11e4-a52e-4f735466cecf":"7ae5d767-3b3c-4375-bd09-fe2783cb6a51"},{"element-6066-11e4-a52e-4f735466cecf":"6870cbff-e23d-4f13-bee7-a529932f263f"},{"element-6066-11e4-a52e-4f735466cecf":"618f1b06-69ea-45fb-823f-292ca57863aa"},{"element-6066-11e4-a52e-4f735466cecf":"403bcdb3-cabd-4c76-9f97-7c9abcf8507f"},{"element-6066-11e4-a52e-4f735466cecf":"0d1f4e99-1257-44c3-93e8-71d2cdc37eba"},{"element-6066-11e4-a52e-4f735466cecf":"90675a1d-7c8b-4728-be14-48cc0c71415b"},{"element-6066-11e4-a52e-4f735466cecf":"c0f6d996-5861-48f4-a972-7e921cb5142f"},{"element-6066-11e4-a52e-4f735466cecf":"a47e3249-8b90-441d-b7e1-82b696bd7513"},{"element-6066-11e4-a52e-4f735466cecf":"9b43562e-2d13-4570-81e5-aa52f5f0f767"},{"element-6066-11e4-a52e-4f735466cecf":"73eea6eb-acbd-407b-ad9f-3908d041c180"},{"element-6066-11e4-a52e-4f735466cecf":"31f4587a-8106-4f76-983d-36c5bc3dafb6"},{"element-6066-11e4-a52e-4f735466cecf":"ea8aec77-33c6-45bf-84a9-19ea3125eb49"},{"element-6066-11e4-a52e-4f735466cecf":"612b14ab-1472-4e9c-aa40-8df751005e22"},{"element-6066-11e4-a52e-4f735466cecf":"211ece8c-9b04-4d2d-89ed-b66c29e68d81"},{"element-6066-11e4-a52e-4f735466cecf":"29a566ac-cdff-461d-8f79-d176b6d10e30"},{"element-6066-11e4-a52e-4f735466cecf":"6236b54a-1d63-4667-9b2f-8a277bb8e7aa"},{"element-6066-11e4-a52e-4f735466cecf":"8da42654-6d1a-4bc9-9dfe-9e681535965b"},{"element-6066-11e4-a52e-4f735466cecf":"380e226f-3a3a-478a-afe5-c5fd0a7284dd"},{"element-6066-11e4-a52e-4f735466cecf":"94e8ceac-73c5-4bb7-a2b1-0e3f0c1c0aa0"},{"element-6066-11e4-a52e-4f735466cecf":"720e1c10-6fd7-489c-b3b9-b8f468827902"},{"element-6066-11e4-a52e-4f735466cecf":"395d9a94-27b5-4d40-8eee-7c21115f5903"},{"element-6066-11e4-a52e-4f735466cecf":"48f1e31e-0e4c-4ae4-a7e6-77c8d677b753"},{"element-6066-11e4-a52e-4f735466cecf":"9b3d7783-ef44-401c-8a3f-e7fe62642d08"},{"element-6066-11e4-a52e-4f735466cecf":"6a18370b-3931-4660-b04b-ca6bfb6340b5"},{"element-6066-11e4-a52e-4f735466cecf":"cf7c4205-9b02-4020-9924-8301adbf80e8"},{"element-6066-11e4-a52e-4f735466cecf":"e7699ae1-cfaf-4adc-a5b2-a631c5359842"},{"element-6066-11e4-a52e-4f735466cecf":"dea02c58-5858-4fab-8914-a9144eae3a66"},{"element-6066-11e4-a52e-4f735466cecf":"1189b3bb-3d85-4548-89fd-1b50ccedc5db"},{"element-6066-11e4-a52e-4f735466cecf":"133ef05c-63c8-429b-8e34-5074e85d03f5"},{"element-6066-11e4-a52e-4f735466cecf":"0b81654e-7942-45ae-9862-cddf3c64612a"},{"element-6066-11e4-a52e-4f735466cecf":"6b525fed-989f-46ab-a60e-5f97aa0fc337"},{"element-6066-11e4-a52e-4f735466cecf":"e5dfaf72-7263-474f-8584-b20248522f36"},{"element-6066-11e4-a52e-4f735466cecf":"0191d8ce-5bce-45c8-bd4c-9f26f1fc5108"},{"element-6066-11e4-a52e-4f735466cecf":"362068b2-d66f-4150-9d0b-31b41add40b0"},{"element-6066-11e4-a52e-4f735466cecf":"a091395a-e243-4d8a-b578-282ed1bd7edb"},{"element-6066-11e4-a52e-4f735466cecf":"32c1e5dc-5a70-4a6f-a7c3-b09f44959f1c"},{"element-6066-11e4-a52e-4f735466cecf":"72049f2b-5507-443f-adcc-00c1c161cbe3"},{"element-6066-11e4-a52e-4f735466cecf":"822a842f-03f9-4707-ba00-053394827238"},{"element-6066-11e4-a52e-4f735466cecf":"11983151-8f45-421a-b3f6-4a4da3b5acb1"},{"element-6066-11e4-a52e-4f735466cecf":"117d57bf-c53e-4ab5-9d50-80580c2480b7"},{"element-6066-11e4-a52e-4f735466cecf":"219b3a50-ffc0-4242-9275-3691ae1a2b96"},{"element-6066-11e4-a52e-4f735466cecf":"1d34812e-06f2-46cd-ab5b-a9a2cfce5165"},{"element-6066-11e4-a52e-4f735466cecf":"df5a89f6-3833-4f72-8b83-1aea1bc1c50a"},{"element-6066-11e4-a52e-4f735466cecf":"4d35314d-8d6f-4c93-8f50-2d45d3b613cc"},{"element-6066-11e4-a52e-4f735466cecf":"40f38cee-0fd0-4f50-88d9-d37dc2f84884"},{"element-6066-11e4-a52e-4f735466cecf":"16c377d6-5617-439d-9c10-67b1c1dee385"},{"element-6066-11e4-a52e-4f735466cecf":"d857fde8-b751-4521-b915-d3a60015ef30"},{"element-6066-11e4-a52e-4f735466cecf":"05044883-9c80-46fb-8bda-c351db65e245"},{"element-6066-11e4-a52e-4f735466cecf":"983aa282-afe5-423b-aa4a-0ce4ad9f10a8"},{"element-6066-11e4-a52e-4f735466cecf":"84d13b4e-1e13-4e08-9744-420bef81d8ec"},{"element-6066-11e4-a52e-4f735466cecf":"24b81f81-6136-4c9d-a549-9b79891aa8bf"},{"element-6066-11e4-a52e-4f735466cecf":"33a7bebc-9d2e-4cd4-90e6-825c281a905e"},{"element-6066-11e4-a52e-4f735466cecf":"05f6a266-247e-41d5-a467-25f5623b38e8"},{"element-6066-11e4-a52e-4f735466cecf":"47fe2885-5cd3-4987-9dc4-828240c204c9"},{"element-6066-11e4-a52e-4f735466cecf":"be9790eb-02f5-4b74-9931-059eb6817179"},{"element-6066-11e4-a52e-4f735466cecf":"2216b14c-f200-40cd-a97a-32870beffa81"},{"element-6066-11e4-a52e-4f735466cecf":"45e45f9c-a6fc-4302-9906-e6a603e9c6e7"},{"element-6066-11e4-a52e-4f735466cecf":"4c428a60-57ec-4039-8f4e-e75f846752da"},{"element-6066-11e4-a52e-4f735466cecf":"18d32ed2-d129-4941-94f4-e0b64b513afa"},{"element-6066-11e4-a52e-4f735466cecf":"330971f4-f5ef-4193-88b5-01c0107c0c0c"},{"element-6066-11e4-a52e-4f735466cecf":"b548f83c-57a5-4b25-8c62-60882945b600"},{"element-6066-11e4-a52e-4f735466cecf":"9effd730-e23c-48e8-b4e5-c30bc4b17b08"},{"element-6066-11e4-a52e-4f735466cecf":"8861a272-ea8e-4d54-801a-b86483815abc"},{"element-6066-11e4-a52e-4f735466cecf":"fd77774f-4e69-44d5-bfc6-f12d17cd266c"},{"element-6066-11e4-a52e-4f735466cecf":"b84ca62e-0dd9-43fd-a4ae-9525f76b73cb"},{"element-6066-11e4-a52e-4f735466cecf":"8a94e135-a806-40be-b3de-96b592514f05"},{"element-6066-11e4-a52e-4f735466cecf":"504229cc-a0a8-40c1-ae38-bae2f0b7422e"},{"element-6066-11e4-a52e-4f735466cecf":"786e0452-039d-4170-bc03-28eda28ac341"},{"element-6066-11e4-a52e-4f735466cecf":"e41659eb-b6ad-43c2-a471-4af01b6ccbea"},{"element-6066-11e4-a52e-4f735466cecf":"58477ee8-da07-4393-ab71-3d75871d8175"},{"element-6066-11e4-a52e-4f735466cecf":"235a94f6-aea9-42b3-b7ea-6106390c8048"},{"element-6066-11e4-a52e-4f735466cecf":"edd42eda-9758-4485-89d3-21f7da63d126"},{"element-6066-11e4-a52e-4f735466cecf":"3c7480f2-4c41-4897-9a11-b02996cb1d17"},{"element-6066-11e4-a52e-4f735466cecf":"c3d25d33-165b-4677-848d-1de28a757c47"},{"element-6066-11e4-a52e-4f735466cecf":"e34b077a-5e47-4540-81a0-bef0b231df73"},{"element-6066-11e4-a52e-4f735466cecf":"7a8a16e7-7597-4336-89f1-62fc87347980"},{"element-6066-11e4-a52e-4f735466cecf":"2540a28a-b8d7-4cd3-99f7-824a8cc21e9f"},{"element-6066-11e4-a52e-4f735466cecf":"78f26854-e2ef-4a99-86c0-e0a03cb00825"},{"element-6066-11e4-a52e-4f735466cecf":"94320207-d845-4415-8a16-ade1fb96e4da"},{"element-6066-11e4-a52e-4f735466cecf":"32cd6b08-a47b-4efe-96f0-b4d3a8cf5d86"},{"element-6066-11e4-a52e-4f735466cecf":"119b4010-22a6-4cc4-94d2-4d65bf5d66d1"},{"element-6066-11e4-a52e-4f735466cecf":"1912eb4d-58e9-4111-950b-72c2be8ef3a9"},{"element-6066-11e4-a52e-4f735466cecf":"9f724680-e8d7-417c-9ffe-7834ac84aadf"},{"element-6066-11e4-a52e-4f735466cecf":"0240a16e-95a1-48e9-9054-3164a782aa02"},{"element-6066-11e4-a52e-4f735466cecf":"cb8a2ec9-23af-456a-91a7-d48b6cdc0d87"},{"element-6066-11e4-a52e-4f735466cecf":"08c0b122-822b-4414-8d93-5b5746f0907a"},{"element-6066-11e4-a52e-4f735466cecf":"0aa445eb-dcc6-470a-8635-4037abce7589"},{"element-6066-11e4-a52e-4f735466cecf":"c5b2a6be-9cfa-44a4-a198-0e08687b6f03"},{"element-6066-11e4-a52e-4f735466cecf":"4f093e03-0241-429a-a2f6-4c2193445cfe"},{"element-6066-11e4-a52e-4f735466cecf":"39ca0cf3-f14d-447e-8ca4-cd06200398a5"}]} | headers=HTTPHeaderDict({'Content-Length': '7911', 'Content-Type': 'application/json; charset=utf-8', 'cache-control': 'no-cache'})
2024-01-07 11:57:14,400 - DEBUG - Finished Request
2024-01-07 11:57:14,409 - DEBUG - POST http://localhost:55876/session/48ede0e65f4281049edda07cc5f30c26/element/5e4cdb79-1f40-4f10-a659-de81a3df67fc/element {"using": "xpath", "value": ".//td[3]", "id": "5e4cdb79-1f40-4f10-a659-de81a3df67fc"}
2024-01-07 11:57:14,431 - DEBUG - http://localhost:55876 "POST /session/48ede0e65f4281049edda07cc5f30c26/element/5e4cdb79-1f40-4f10-a659-de81a3df67fc/element HTTP/1.1" 200 0
2024-01-07 11:57:14,433 - DEBUG - Remote response: status=200 | data={"value":{"element-6066-11e4-a52e-4f735466cecf":"6e4bb333-8777-49b8-b27c-b749bcf7398e"}} | headers=HTTPHeaderDict({'Content-Length': '88', 'Content-Type': 'application/json; charset=utf-8', 'cache-control': 'no-cache'})
2024-01-07 11:57:14,434 - DEBUG - Finished Request
2024-01-07 11:57:14,434 - DEBUG - GET http://localhost:55876/session/48ede0e65f4281049edda07cc5f30c26/element/6e4bb333-8777-49b8-b27c-b749bcf7398e/text {"id": "6e4bb333-8777-49b8-b27c-b749bcf7398e"}
2024-01-07 11:57:14,465 - DEBUG - http://localhost:55876 "GET /session/48ede0e65f4281049edda07cc5f30c26/element/6e4bb333-8777-49b8-b27c-b749bcf7398e/text HTTP/1.1" 200 0
2024-01-07 11:57:14,466 - DEBUG - Remote response: status=200 | data={"value":"Measuring tool"} | headers=HTTPHeaderDict({'Content-Length': '26', 'Content-Type': 'application/json; charset=utf-8', 'cache-control': 'no-cache'})
2024-01-07 11:57:14,466 - DEBUG - Finished Request
2024-01-07 11:57:14,466 - DEBUG - DELETE http://localhost:55876/session/48ede0e65f4281049edda07cc5f30c26 {}
2024-01-07 11:57:14,589 - DEBUG - http://localhost:55876 "DELETE /session/48ede0e65f4281049edda07cc5f30c26 HTTP/1.1" 200 0
2024-01-07 11:57:14,590 - DEBUG - Remote response: status=200 | data={"value":null} | headers=HTTPHeaderDict({'Content-Length': '14', 'Content-Type': 'application/json; charset=utf-8', 'cache-control': 'no-cache'})
2024-01-07 11:57:14,592 - DEBUG - Finished Request
